[2025-11-24T23:55:31.506Z] [Anonymous] Anonymous - Authentication error: jwt expired at /afued/result/portal/faculty (GET) - failure
[2025-11-24T23:55:31.534Z] [Anonymous] Anonymous - Authentication error: jwt expired at /afued/result/portal/faculty (GET) - failure
[2025-11-25T00:35:20.214Z] [dean] 68f9edd7f6606ce32d8de004 - Forbidden: dean tried to access restricted route at /afued/result/portal/notifications/top-unread (GET) - failure
[2025-11-25T00:35:20.246Z] [dean] 68f9edd7f6606ce32d8de004 - Forbidden: dean tried to access restricted route at /afued/result/portal/notifications/unread-count (GET) - failure
[2025-11-25T00:35:20.272Z] [dean] 68f9edd7f6606ce32d8de004 - Forbidden: dean tried to access restricted route at /afued/result/portal/faculty/my-faculty (GET) - failure
[2025-11-25T00:35:20.335Z] [dean] 68f9edd7f6606ce32d8de004 - Forbidden: dean tried to access restricted route at /afued/result/portal/department (GET) - failure
[2025-11-25T00:35:20.427Z] [dean] 68f9edd7f6606ce32d8de004 - Forbidden: dean tried to access restricted route at /afued/result/portal/notifications/top-unread (GET) - failure
[2025-11-25T00:35:20.480Z] [dean] 68f9edd7f6606ce32d8de004 - Forbidden: dean tried to access restricted route at /afued/result/portal/department (GET) - failure
[2025-11-25T00:35:20.500Z] [dean] 68f9edd7f6606ce32d8de004 - Forbidden: dean tried to access restricted route at /afued/result/portal/notifications/unread-count (GET) - failure
[2025-11-25T00:35:20.517Z] [dean] 68f9edd7f6606ce32d8de004 - Forbidden: dean tried to access restricted route at /afued/result/portal/faculty/my-faculty (GET) - failure
[2025-11-25T00:38:47.065Z] [dean] 68f9edd7f6606ce32d8de004 - Forbidden: dean tried to access restricted route at /afued/result/portal/faculty/my-faculty (GET) - failure
[2025-11-25T00:38:47.226Z] [dean] 68f9edd7f6606ce32d8de004 - Forbidden: dean tried to access restricted route at /afued/result/portal/department (GET) - failure
[2025-11-25T00:38:47.234Z] [dean] 68f9edd7f6606ce32d8de004 - Forbidden: dean tried to access restricted route at /afued/result/portal/faculty/my-faculty (GET) - failure
[2025-11-25T00:38:47.264Z] [dean] 68f9edd7f6606ce32d8de004 - Forbidden: dean tried to access restricted route at /afued/result/portal/department (GET) - failure
[2025-11-25T00:44:13.258Z] [dean] 68f9edd7f6606ce32d8de004 - Forbidden: dean tried to access restricted route at /afued/result/portal/faculty/my-faculty (GET) - failure
[2025-11-25T00:44:13.359Z] [dean] 68f9edd7f6606ce32d8de004 - Forbidden: dean tried to access restricted route at /afued/result/portal/faculty/my-faculty (GET) - failure
[2025-11-25T00:44:13.484Z] [dean] 68f9edd7f6606ce32d8de004 - Forbidden: dean tried to access restricted route at /afued/result/portal/department (GET) - failure
[2025-11-25T00:44:13.689Z] [dean] 68f9edd7f6606ce32d8de004 - Forbidden: dean tried to access restricted route at /afued/result/portal/department (GET) - failure
[2025-11-25T00:45:57.274Z] [dean] 68f9edd7f6606ce32d8de004 - Forbidden: dean tried to access restricted route at /afued/result/portal/faculty/my-faculty (GET) - failure
[2025-11-25T00:45:57.317Z] [dean] 68f9edd7f6606ce32d8de004 - Forbidden: dean tried to access restricted route at /afued/result/portal/department (GET) - failure
[2025-11-25T00:45:57.389Z] [dean] 68f9edd7f6606ce32d8de004 - Forbidden: dean tried to access restricted route at /afued/result/portal/faculty/my-faculty (GET) - failure
[2025-11-25T00:45:57.402Z] [dean] 68f9edd7f6606ce32d8de004 - Forbidden: dean tried to access restricted route at /afued/result/portal/department (GET) - failure
[2025-11-25T00:46:31.352Z] [dean] 68f9edd7f6606ce32d8de004 - Forbidden: dean tried to access restricted route at /afued/result/portal/department (GET) - failure
[2025-11-25T00:46:31.381Z] [dean] 68f9edd7f6606ce32d8de004 - Forbidden: dean tried to access restricted route at /afued/result/portal/faculty/my-faculty (GET) - failure
[2025-11-25T00:46:31.436Z] [dean] 68f9edd7f6606ce32d8de004 - Forbidden: dean tried to access restricted route at /afued/result/portal/department (GET) - failure
[2025-11-25T00:46:31.457Z] [dean] 68f9edd7f6606ce32d8de004 - Forbidden: dean tried to access restricted route at /afued/result/portal/faculty/my-faculty (GET) - failure
[2025-11-25T00:47:23.950Z] [dean] 68f9edd7f6606ce32d8de004 - Forbidden: dean tried to access restricted route at /afued/result/portal/department (GET) - failure
[2025-11-25T00:47:24.168Z] [dean] 68f9edd7f6606ce32d8de004 - Forbidden: dean tried to access restricted route at /afued/result/portal/department (GET) - failure
[2025-11-25T00:49:56.005Z] [dean] 68f9edd7f6606ce32d8de004 - Forbidden: dean tried to access restricted route at /afued/result/portal/department (GET) - failure
[2025-11-25T00:49:56.237Z] [dean] 68f9edd7f6606ce32d8de004 - Forbidden: dean tried to access restricted route at /afued/result/portal/department (GET) - failure
[2025-11-25T00:50:24.500Z] [dean] 68f9edd7f6606ce32d8de004 - Forbidden: dean tried to access restricted route at /afued/result/portal/department (GET) - failure
[2025-11-25T17:50:42.107Z] [dean] 68f9edd7f6606ce32d8de004 - Forbidden: dean tried to access restricted route at /afued/result/portal/department (GET) - failure
[2025-11-25T17:50:42.169Z] [dean] 68f9edd7f6606ce32d8de004 - Forbidden: dean tried to access restricted route at /afued/result/portal/department (GET) - failure
[2025-11-25T17:55:57.629Z] [dean] 68f9edd7f6606ce32d8de004 - Forbidden: dean tried to access restricted route at /afued/result/portal/department (GET) - failure
[2025-11-25T17:55:57.760Z] [dean] 68f9edd7f6606ce32d8de004 - Forbidden: dean tried to access restricted route at /afued/result/portal/department (GET) - failure
[2025-11-25T18:00:03.829Z] [dean] 68f9edd7f6606ce32d8de004 - Forbidden: dean tried to access restricted route at /afued/result/portal/department (GET) - failure
[2025-11-25T18:00:03.864Z] [dean] 68f9edd7f6606ce32d8de004 - Forbidden: dean tried to access restricted route at /afued/result/portal/department (GET) - failure
[2025-11-25T18:03:30.855Z] [dean] 68f9edd7f6606ce32d8de004 - Forbidden: dean tried to access restricted route at /afued/result/portal/department (GET) - failure
[2025-11-25T18:03:30.890Z] [dean] 68f9edd7f6606ce32d8de004 - Forbidden: dean tried to access restricted route at /afued/result/portal/department (GET) - failure
[2025-11-25T18:10:03.480Z] [dean] 68f9edd7f6606ce32d8de004 - Forbidden: dean tried to access restricted route at /afued/result/portal/department (GET) - failure
[2025-11-25T18:10:03.541Z] [dean] 68f9edd7f6606ce32d8de004 - Forbidden: dean tried to access restricted route at /afued/result/portal/department (GET) - failure
[2025-11-25T18:11:43.622Z] [dean] 68f9edd7f6606ce32d8de004 - Forbidden: dean tried to access restricted route at /afued/result/portal/department (GET) - failure
[2025-11-25T18:11:43.719Z] [dean] 68f9edd7f6606ce32d8de004 - Forbidden: dean tried to access restricted route at /afued/result/portal/department (GET) - failure
[2025-11-26T10:52:18.969Z] [Anonymous] Anonymous - Unauthorized access: No token provided at /afued/result/portal/notifications/top-unread (GET) - failure
[2025-11-26T10:52:18.982Z] [Anonymous] Anonymous - Unauthorized access: No token provided at /afued/result/portal/notifications/unread-count (GET) - failure
[2025-11-26T10:52:19.020Z] [Anonymous] Anonymous - Unauthorized access: No token provided at /afued/result/portal/notifications/top-unread (GET) - failure
[2025-11-26T10:52:19.030Z] [Anonymous] Anonymous - Unauthorized access: No token provided at /afued/result/portal/notifications/unread-count (GET) - failure
[2025-11-26T10:54:26.942Z] [Anonymous] Anonymous - Unauthorized access: No token provided at /afued/result/portal/notifications/top-unread (GET) - failure
[2025-11-26T10:54:26.956Z] [Anonymous] Anonymous - Unauthorized access: No token provided at /afued/result/portal/notifications/unread-count (GET) - failure
[2025-11-26T10:54:26.964Z] [Anonymous] Anonymous - Unauthorized access: No token provided at /afued/result/portal/notifications/top-unread (GET) - failure
[2025-11-26T10:54:26.971Z] [Anonymous] Anonymous - Unauthorized access: No token provided at /afued/result/portal/notifications/unread-count (GET) - failure
